<br />
<b>Notice</b>:  Use of undefined constant REQUEST_URI - assumed 'REQUEST_URI' in <b>C:\xampp\htdocs\resize.php</b> on line <b>17</b><br />
<br />
<b>Notice</b>:  Use of undefined constant REQUEST_URI - assumed 'REQUEST_URI' in <b>C:\xampp\htdocs\resize.php</b> on line <b>42</b><br />
<br />
<b>Notice</b>:  Use of undefined constant DOCUMENT_ROOT - assumed 'DOCUMENT_ROOT' in <b>C:\xampp\htdocs\resize.php</b> on line <b>53</b><br />
<br />
<b>Notice</b>:  Use of undefined constant REQUEST_URI - assumed 'REQUEST_URI' in <b>C:\xampp\htdocs\resize.php</b> on line <b>53</b><br />
<br />
<b>Notice</b>:  Use of undefined constant REQUEST_URI - assumed 'REQUEST_URI' in <b>C:\xampp\htdocs\resize.php</b> on line <b>53</b><br />
<br />
<b>Notice</b>:  Undefined variable: gaunu_sx in <b>C:\xampp\htdocs\resize.php</b> on line <b>62</b><br />
<br />
<b>Notice</b>:  Undefined variable: gaunu_sy in <b>C:\xampp\htdocs\resize.php</b> on line <b>62</b><br />
<br />
<b>Notice</b>:  Undefined variable: forcintas in <b>C:\xampp\htdocs\resize.php</b> on line <b>92</b><br />
<br />
<b>Notice</b>:  Undefined variable: proporciju_nevirsyti in <b>C:\xampp\htdocs\resize.php</b> on line <b>98</b><br />
<br />
<b>Notice</b>:  Undefined variable: nekirpti in <b>C:\xampp\htdocs\resize.php</b> on line <b>125</b><br />
<br />
<b>Notice</b>:  Undefined variable: thumbX in <b>C:\xampp\htdocs\admin\class.imageris.php</b> on line <b>258</b><br />
<br />
<b>Notice</b>:  Undefined variable: thumbY in <b>C:\xampp\htdocs\admin\class.imageris.php</b> on line <b>258</b><br />
<br />
<b>Notice</b>:  Use of undefined constant REQUEST_URI - assumed 'REQUEST_URI' in <b>C:\xampp\htdocs\resize.php</b> on line <b>188</b><br />
<br />
<b>Notice</b>:  Undefined variable: dir_tree in <b>C:\xampp\htdocs\resize.php</b> on line <b>194</b><br />
<br />
<b>Notice</b>:  Use of undefined constant DOCUMENT_ROOT - assumed 'DOCUMENT_ROOT' in <b>C:\xampp\htdocs\resize.php</b> on line <b>195</b><br />
<br />
<b>Notice</b>:  Use of undefined constant DOCUMENT_ROOT - assumed 'DOCUMENT_ROOT' in <b>C:\xampp\htdocs\resize.php</b> on line <b>195</b><br />
<br />
<b>Notice</b>:  Use of undefined constant DOCUMENT_ROOT - assumed 'DOCUMENT_ROOT' in <b>C:\xampp\htdocs\resize.php</b> on line <b>195</b><br />
<br />
<b>Notice</b>:  Use of undefined constant DOCUMENT_ROOT - assumed 'DOCUMENT_ROOT' in <b>C:\xampp\htdocs\resize.php</b> on line <b>195</b><br />
<br />
<b>Notice</b>:  Use of undefined constant DOCUMENT_ROOT - assumed 'DOCUMENT_ROOT' in <b>C:\xampp\htdocs\resize.php</b> on line <b>195</b><br />
<br />
<b>Notice</b>:  Use of undefined constant DOCUMENT_ROOT - assumed 'DOCUMENT_ROOT' in <b>C:\xampp\htdocs\resize.php</b> on line <b>196</b><br />
<br />
<b>Notice</b>:  Use of undefined constant REQUEST_URI - assumed 'REQUEST_URI' in <b>C:\xampp\htdocs\resize.php</b> on line <b>17</b><br />
<br />
<b>Notice</b>:  Use of undefined constant REQUEST_URI - assumed 'REQUEST_URI' in <b>C:\xampp\htdocs\resize.php</b> on line <b>42</b><br />
<br />
<b>Notice</b>:  Use of undefined constant DOCUMENT_ROOT - assumed 'DOCUMENT_ROOT' in <b>C:\xampp\htdocs\resize.php</b> on line <b>53</b><br />
<br />
<b>Notice</b>:  Use of undefined constant REQUEST_URI - assumed 'REQUEST_URI' in <b>C:\xampp\htdocs\resize.php</b> on line <b>53</b><br />
<br />
<b>Notice</b>:  Use of undefined constant REQUEST_URI - assumed 'REQUEST_URI' in <b>C:\xampp\htdocs\resize.php</b> on line <b>53</b><br />
<br />
<b>Notice</b>:  Undefined variable: gaunu_sx in <b>C:\xampp\htdocs\resize.php</b> on line <b>62</b><br />
<br />
<b>Notice</b>:  Undefined variable: gaunu_sy in <b>C:\xampp\htdocs\resize.php</b> on line <b>62</b><br />
<br />
<b>Notice</b>:  Undefined variable: thumbX in <b>C:\xampp\htdocs\admin\class.imageris.php</b> on line <b>258</b><br />
<br />
<b>Notice</b>:  Undefined variable: thumbY in <b>C:\xampp\htdocs\admin\class.imageris.php</b> on line <b>258</b><br />
<br />
<b>Notice</b>:  Use of undefined constant REQUEST_URI - assumed 'REQUEST_URI' in <b>C:\xampp\htdocs\resize.php</b> on line <b>188</b><br />
<br />
<b>Notice</b>:  Undefined variable: dir_tree in <b>C:\xampp\htdocs\resize.php</b> on line <b>194</b><br />
<br />
<b>Notice</b>:  Use of undefined constant DOCUMENT_ROOT - assumed 'DOCUMENT_ROOT' in <b>C:\xampp\htdocs\resize.php</b> on line <b>195</b><br />
<br />
<b>Notice</b>:  Use of undefined constant DOCUMENT_ROOT - assumed 'DOCUMENT_ROOT' in <b>C:\xampp\htdocs\resize.php</b> on line <b>195</b><br />
<br />
<b>Notice</b>:  Use of undefined constant DOCUMENT_ROOT - assumed 'DOCUMENT_ROOT' in <b>C:\xampp\htdocs\resize.php</b> on line <b>195</b><br />
<br />
<b>Notice</b>:  Use of undefined constant DOCUMENT_ROOT - assumed 'DOCUMENT_ROOT' in <b>C:\xampp\htdocs\resize.php</b> on line <b>195</b><br />
<br />
<b>Notice</b>:  Use of undefined constant DOCUMENT_ROOT - assumed 'DOCUMENT_ROOT' in <b>C:\xampp\htdocs\resize.php</b> on line <b>195</b><br />
<br />
<b>Notice</b>:  Use of undefined constant DOCUMENT_ROOT - assumed 'DOCUMENT_ROOT' in <b>C:\xampp\htdocs\resize.php</b> on line <b>196</b><br />
<br />
<b>Notice</b>:  Use of undefined constant REQUEST_URI - assumed 'REQUEST_URI' in <b>C:\xampp\htdocs\resize.php</b> on line <b>17</b><br />
<br />
<b>Notice</b>:  Use of undefined constant REQUEST_URI - assumed 'REQUEST_URI' in <b>C:\xampp\htdocs\resize.php</b> on line <b>42</b><br />
<br />
<b>Notice</b>:  Use of undefined constant DOCUMENT_ROOT - assumed 'DOCUMENT_ROOT' in <b>C:\xampp\htdocs\resize.php</b> on line <b>53</b><br />
<br />
<b>Notice</b>:  Use of undefined constant REQUEST_URI - assumed 'REQUEST_URI' in <b>C:\xampp\htdocs\resize.php</b> on line <b>53</b><br />
<br />
<b>Notice</b>:  Use of undefined constant REQUEST_URI - assumed 'REQUEST_URI' in <b>C:\xampp\htdocs\resize.php</b> on line <b>53</b><br />
<br />
<b>Notice</b>:  Undefined variable: gaunu_sx in <b>C:\xampp\htdocs\resize.php</b> on line <b>62</b><br />
<br />
<b>Notice</b>:  Undefined variable: gaunu_sy in <b>C:\xampp\htdocs\resize.php</b> on line <b>62</b><br />
<br />
<b>Notice</b>:  Undefined variable: thumbX in <b>C:\xampp\htdocs\admin\class.imageris.php</b> on line <b>258</b><br />
<br />
<b>Notice</b>:  Undefined variable: thumbY in <b>C:\xampp\htdocs\admin\class.imageris.php</b> on line <b>258</b><br />
<br />
<b>Notice</b>:  Use of undefined constant REQUEST_URI - assumed 'REQUEST_URI' in <b>C:\xampp\htdocs\resize.php</b> on line <b>188</b><br />
<br />
<b>Notice</b>:  Undefined variable: dir_tree in <b>C:\xampp\htdocs\resize.php</b> on line <b>194</b><br />
<br />
<b>Notice</b>:  Use of undefined constant DOCUMENT_ROOT - assumed 'DOCUMENT_ROOT' in <b>C:\xampp\htdocs\resize.php</b> on line <b>195</b><br />
<br />
<b>Notice</b>:  Use of undefined constant DOCUMENT_ROOT - assumed 'DOCUMENT_ROOT' in <b>C:\xampp\htdocs\resize.php</b> on line <b>195</b><br />
<br />
<b>Notice</b>:  Use of undefined constant DOCUMENT_ROOT - assumed 'DOCUMENT_ROOT' in <b>C:\xampp\htdocs\resize.php</b> on line <b>195</b><br />
<br />
<b>Notice</b>:  Use of undefined constant DOCUMENT_ROOT - assumed 'DOCUMENT_ROOT' in <b>C:\xampp\htdocs\resize.php</b> on line <b>195</b><br />
<br />
<b>Notice</b>:  Use of undefined constant DOCUMENT_ROOT - assumed 'DOCUMENT_ROOT' in <b>C:\xampp\htdocs\resize.php</b> on line <b>195</b><br />
<br />
<b>Notice</b>:  Use of undefined constant DOCUMENT_ROOT - assumed 'DOCUMENT_ROOT' in <b>C:\xampp\htdocs\resize.php</b> on line <b>196</b><br />
